<?xml version="1.0" encoding="UTF-8"?>
<!-- Generated by org.testng.reporters.JUnitXMLReporter -->
<testsuite hostname="U6062815-TPL-A" ignored="0" name="Test" tests="2" failures="1" timestamp="17 May 2019 08:53:58 GMT" time="0.078" errors="0">
  <testcase name="verify" time="0.031" classname="advanced.ReadProprtyFile">
    <failure type="java.lang.AssertionError" message="expected:&amp;lt;Manjunath&amp;gt; but was:&amp;lt;Manjunatha&amp;gt;">
      <![CDATA[java.lang.AssertionError: expected:<Manjunath> but was:<Manjunatha>
at advanced.ReadProprtyFile.verify(ReadProprtyFile.java:29)
... Removed 27 stack frames]]>
    </failure>
  </testcase> <!-- verify -->
  <testcase name="read" time="0.016" classname="advanced.ReadProprtyFile"/>
</testsuite> <!-- Test -->
