<?xml version="1.0" encoding="UTF-8"?>
<!-- Generated by org.testng.reporters.JUnitXMLReporter -->
<testsuite hostname="U6062815-TPL-A" ignored="1" name="Test(failed)" tests="1" failures="1" timestamp="09 Feb 2019 03:59:30 GMT" time="0.047" errors="0">
  <testcase name="verify" time="0.016" classname="advanced.ReadProprtyFile">
    <failure type="java.lang.AssertionError" message="expected:&amp;lt;Manjunath&amp;gt; but was:&amp;lt;Manjunatha&amp;gt;">
      <![CDATA[java.lang.AssertionError: expected:<Manjunath> but was:<Manjunatha>
at advanced.ReadProprtyFile.verify(ReadProprtyFile.java:31)
... Removed 27 stack frames]]>
    </failure>
  </testcase> <!-- verify -->
  <testcase name="read" time="0.0" classname="advanced.ReadProprtyFile">
    <ignored/>
  </testcase> <!-- read -->
</testsuite> <!-- Test(failed) -->
