<?xml version="1.0" encoding="UTF-8"?>
<!-- Generated by org.testng.reporters.JUnitReportReporter -->
<testsuite skipped="0" hostname="U6062815-TPL-A" name="dataDrivenFramework.Demo2" tests="8" failures="0" timestamp="10 Feb 2019 10:29:16 GMT" time="0.016" errors="0">
  <testcase name="readData" time="0.002" classname="dataDrivenFramework.Demo2"/>
  <testcase name="readData" time="0.001" classname="dataDrivenFramework.Demo2"/>
  <testcase name="readData" time="0.001" classname="dataDrivenFramework.Demo2"/>
  <testcase name="readData" time="0.001" classname="dataDrivenFramework.Demo2"/>
  <testcase name="readData" time="0.001" classname="dataDrivenFramework.Demo2"/>
  <testcase name="readData" time="0.001" classname="dataDrivenFramework.Demo2"/>
  <testcase name="readData" time="0.008" classname="dataDrivenFramework.Demo2"/>
  <testcase name="readData" time="0.001" classname="dataDrivenFramework.Demo2"/>
</testsuite> <!-- dataDrivenFramework.Demo2 -->
