<?xml version="1.0" encoding="UTF-8"?>
<!-- Generated by org.testng.reporters.JUnitReportReporter -->
<testsuite skipped="0" hostname="U6062815-TPL-A" name="dataDrivenFramework.Demo1" tests="3" failures="0" timestamp="03 Mar 2019 09:20:08 GMT" time="0.000" errors="0">
  <testcase name="readData" time="0.000" classname="dataDrivenFramework.Demo1"/>
  <testcase name="readData" time="0.000" classname="dataDrivenFramework.Demo1"/>
  <testcase name="readData" time="0.000" classname="dataDrivenFramework.Demo1"/>
</testsuite> <!-- dataDrivenFramework.Demo1 -->
