<?xml version="1.0" encoding="UTF-8"?>
<!-- Generated by org.testng.reporters.JUnitReportReporter -->
<testsuite skipped="0" hostname="U6062815-TPL-A" name="dataDrivenFramework.Demo2" tests="8" failures="0" timestamp="03 Aug 2019 10:07:14 GMT" time="0.030" errors="0">
  <testcase name="createTest" time="0.000" classname="dataDrivenFramework.Demo2"/>
  <testcase name="createTest" time="0.000" classname="dataDrivenFramework.Demo2"/>
  <testcase name="createTest" time="0.010" classname="dataDrivenFramework.Demo2"/>
  <testcase name="createTest" time="0.000" classname="dataDrivenFramework.Demo2"/>
  <testcase name="createTest" time="0.000" classname="dataDrivenFramework.Demo2"/>
  <testcase name="createTest" time="0.010" classname="dataDrivenFramework.Demo2"/>
  <testcase name="createTest" time="0.010" classname="dataDrivenFramework.Demo2"/>
  <testcase name="createTest" time="0.000" classname="dataDrivenFramework.Demo2"/>
</testsuite> <!-- dataDrivenFramework.Demo2 -->
