<?xml version="1.0" encoding="UTF-8"?>
<!-- Generated by org.testng.reporters.JUnitXMLReporter -->
<testsuite hostname="U6062815-TPL-A" ignored="0" name="Default test" tests="8" failures="0" timestamp="03 Aug 2019 10:07:14 GMT" time="0.661" errors="0">
  <testcase name="createTest" time="0.01" classname="dataDrivenFramework.Demo2"/>
  <testcase name="createTest" time="0.0" classname="dataDrivenFramework.Demo2"/>
  <testcase name="createTest" time="0.01" classname="dataDrivenFramework.Demo2"/>
  <testcase name="createTest" time="0.0" classname="dataDrivenFramework.Demo2"/>
  <testcase name="createTest" time="0.0" classname="dataDrivenFramework.Demo2"/>
  <testcase name="createTest" time="0.01" classname="dataDrivenFramework.Demo2"/>
  <testcase name="createTest" time="0.0" classname="dataDrivenFramework.Demo2"/>
  <testcase name="createTest" time="0.0" classname="dataDrivenFramework.Demo2"/>
</testsuite> <!-- Default test -->
